step=0 cur_len=274 accepted=[2094, 2471, 3831, 496, 5213, 32083]
step=1 cur_len=280 accepted=[67828]
step=2 cur_len=281 accepted=[40231]
step=3 cur_len=282 accepted=[1018, 580]
step=4 cur_len=284 accepted=[496, 25301]
step=5 cur_len=286 accepted=[4284, 528]
step=6 cur_len=288 accepted=[496, 102694, 653, 99767]
step=7 cur_len=292 accepted=[3453, 236761, 108, 8291, 236789, 236751]
step=8 cur_len=298 accepted=[496, 25890, 529, 1144, 563, 11325]
step=9 cur_len=304 accepted=[236787, 108, 236829]
step=10 cur_len=307 accepted=[5213]
step=11 cur_len=308 accepted=[151218, 53121, 562, 2455, 2173]
step=12 cur_len=313 accepted=[9685, 563, 506]
step=13 cur_len=316 accepted=[6082]
step=14 cur_len=317 accepted=[3213]
step=15 cur_len=318 accepted=[236761, 1030, 815]
step=16 cur_len=321 accepted=[8555]
step=17 cur_len=322 accepted=[7579]
step=18 cur_len=323 accepted=[580]
step=19 cur_len=324 accepted=[506, 2678, 236764, 837]
step=20 cur_len=328 accepted=[3196]
step=21 cur_len=329 accepted=[531, 577, 4596]
step=22 cur_len=332 accepted=[531, 14227]
step=23 cur_len=334 accepted=[653, 40231]
step=24 cur_len=336 accepted=[568]
step=25 cur_len=337 accepted=[1437]
step=26 cur_len=338 accepted=[1816, 5132]
step=27 cur_len=340 accepted=[623, 239223]
step=28 cur_len=342 accepted=[244039]
step=29 cur_len=343 accepted=[236775, 532, 623, 109706]
step=30 cur_len=347 accepted=[88813]
step=31 cur_len=348 accepted=[27602]
step=32 cur_len=349 accepted=[237103]
step=33 cur_len=350 accepted=[2098]
step=34 cur_len=351 accepted=[22169, 614]
step=35 cur_len=353 accepted=[37213]
step=36 cur_len=354 accepted=[653]
step=37 cur_len=355 accepted=[7924]
step=38 cur_len=356 accepted=[1933]
step=39 cur_len=357 accepted=[5585, 769, 107, 236829, 5213, 96696]
step=40 cur_len=363 accepted=[33759]
step=41 cur_len=364 accepted=[53121, 22624]
step=42 cur_len=366 accepted=[8075, 236764, 837]
step=43 cur_len=369 accepted=[3196]
step=44 cur_len=370 accepted=[531, 577, 5213, 186672]
step=45 cur_len=374 accepted=[653]
step=46 cur_len=375 accepted=[125014]
step=47 cur_len=376 accepted=[125546]
step=48 cur_len=377 accepted=[659]
step=49 cur_len=378 accepted=[11325]
