step=0 cur_len=274 accepted=[2094]
step=1 cur_len=275 accepted=[2471, 7412]
step=2 cur_len=277 accepted=[531, 1407]
step=3 cur_len=279 accepted=[496]
step=4 cur_len=280 accepted=[5213, 15995]
step=5 cur_len=282 accepted=[236762]
step=6 cur_len=283 accepted=[236764]
step=7 cur_len=284 accepted=[99767, 236764]
step=8 cur_len=286 accepted=[653]
step=9 cur_len=287 accepted=[102694]
step=10 cur_len=288 accepted=[10092]
step=11 cur_len=289 accepted=[607]
step=12 cur_len=290 accepted=[496, 2455]
step=13 cur_len=292 accepted=[26106, 529, 17240]
step=14 cur_len=295 accepted=[653]
step=15 cur_len=296 accepted=[496]
step=16 cur_len=297 accepted=[81035]
step=17 cur_len=298 accepted=[236786, 30349]
step=18 cur_len=300 accepted=[3432]
step=19 cur_len=301 accepted=[99382, 108, 8291, 236789, 236751, 496]
step=20 cur_len=307 accepted=[25890, 529, 1144, 740]
step=21 cur_len=311 accepted=[577, 5773]
step=22 cur_len=313 accepted=[236787, 108, 236770]
step=23 cur_len=316 accepted=[236761, 138]
step=24 cur_len=318 accepted=[1018, 64971]
step=25 cur_len=320 accepted=[236786]
step=26 cur_len=321 accepted=[16409, 53121, 2085]
step=27 cur_len=324 accepted=[563, 496, 2455, 26949]
step=28 cur_len=328 accepted=[529, 17689]
step=29 cur_len=330 accepted=[236764]
step=30 cur_len=331 accepted=[12819]
step=31 cur_len=332 accepted=[236764]
step=32 cur_len=333 accepted=[532]
step=33 cur_len=334 accepted=[4996]
step=34 cur_len=335 accepted=[17240]
step=35 cur_len=336 accepted=[236761]
step=36 cur_len=337 accepted=[3143]
step=37 cur_len=338 accepted=[17240]
step=38 cur_len=339 accepted=[1385]
step=39 cur_len=340 accepted=[1133, 901, 735]
step=40 cur_len=343 accepted=[1010, 11207]
step=41 cur_len=345 accepted=[653]
step=42 cur_len=346 accepted=[56666]
step=43 cur_len=347 accepted=[3610]
step=44 cur_len=348 accepted=[236761]
step=45 cur_len=349 accepted=[107, 236778, 236761, 138, 1018, 60124]
step=46 cur_len=355 accepted=[53121, 562, 5213]
step=47 cur_len=358 accepted=[33250]
step=48 cur_len=359 accepted=[7626, 125546]
step=49 cur_len=361 accepted=[4547, 496, 5213, 26316]
