step=0 cur_len=274 accepted=[2094, 2471, 3831, 496, 5213, 32083]
step=1 cur_len=280 accepted=[67828]
step=2 cur_len=281 accepted=[40231]
step=3 cur_len=282 accepted=[1018, 580]
step=4 cur_len=284 accepted=[496, 25301]
step=5 cur_len=286 accepted=[4284, 528]
step=6 cur_len=288 accepted=[496, 102694, 653, 99767]
step=7 cur_len=292 accepted=[3453, 236761, 108, 8291, 236789, 236751]
step=8 cur_len=298 accepted=[496, 25890, 529, 1144, 563, 11325]
step=9 cur_len=304 accepted=[236787, 108, 236829]
step=10 cur_len=307 accepted=[5213]
step=11 cur_len=308 accepted=[151218, 53121, 562, 2455, 2173]
step=12 cur_len=313 accepted=[9685, 563, 506]
step=13 cur_len=316 accepted=[6082]
step=14 cur_len=317 accepted=[3213]
step=15 cur_len=318 accepted=[236761, 1030, 815]
step=16 cur_len=321 accepted=[8555]
step=17 cur_len=322 accepted=[7579]
step=18 cur_len=323 accepted=[580]
step=19 cur_len=324 accepted=[506, 2678, 236764, 837]
